/*C2*/SET SCHEMA PUBLIC
DELETE FROM CAST_PERSON WHERE CAST_ID=174 AND PERSON_ID=181
DELETE FROM TB_PERSON WHERE ID=181
COMMIT
/*C3*/SET SCHEMA PUBLIC
DELETE FROM MOVIE_GENRES WHERE MOVIE_ID=16 AND GENRES_ID=12
DELETE FROM MOVIE_GENRES WHERE MOVIE_ID=16 AND GENRES_ID=14
DELETE FROM MOVIE_GENRES WHERE MOVIE_ID=16 AND GENRES_ID=28
DELETE FROM MOVIE_GENRES WHERE MOVIE_ID=16 AND GENRES_ID=878
INSERT INTO MOVIE_GENRES VALUES(16,12)
INSERT INTO MOVIE_GENRES VALUES(16,14)
INSERT INTO MOVIE_GENRES VALUES(16,28)
INSERT INTO MOVIE_GENRES VALUES(16,878)
COMMIT
DELETE FROM MOVIE_GENRES WHERE MOVIE_ID=16 AND GENRES_ID=12
DELETE FROM MOVIE_GENRES WHERE MOVIE_ID=16 AND GENRES_ID=14
DELETE FROM MOVIE_GENRES WHERE MOVIE_ID=16 AND GENRES_ID=28
DELETE FROM MOVIE_GENRES WHERE MOVIE_ID=16 AND GENRES_ID=878
INSERT INTO MOVIE_GENRES VALUES(16,12)
INSERT INTO MOVIE_GENRES VALUES(16,14)
INSERT INTO MOVIE_GENRES VALUES(16,28)
INSERT INTO MOVIE_GENRES VALUES(16,878)
COMMIT
/*C8*/SET SCHEMA PUBLIC
DISCONNECT
/*C10*/SET SCHEMA PUBLIC
DISCONNECT
/*C2*/DISCONNECT
/*C9*/SET SCHEMA PUBLIC
DISCONNECT
/*C7*/SET SCHEMA PUBLIC
DISCONNECT
/*C5*/SET SCHEMA PUBLIC
DISCONNECT
/*C4*/SET SCHEMA PUBLIC
DISCONNECT
/*C6*/SET SCHEMA PUBLIC
DISCONNECT
/*C3*/DISCONNECT
/*C11*/SET SCHEMA PUBLIC
DISCONNECT
/*C12*/SET SCHEMA PUBLIC
DELETE FROM MOVIE_GENRES WHERE MOVIE_ID=16 AND GENRES_ID=12
DELETE FROM MOVIE_GENRES WHERE MOVIE_ID=16 AND GENRES_ID=14
DELETE FROM MOVIE_GENRES WHERE MOVIE_ID=16 AND GENRES_ID=28
DELETE FROM MOVIE_GENRES WHERE MOVIE_ID=16 AND GENRES_ID=878
INSERT INTO MOVIE_GENRES VALUES(16,12)
INSERT INTO MOVIE_GENRES VALUES(16,14)
INSERT INTO MOVIE_GENRES VALUES(16,28)
INSERT INTO MOVIE_GENRES VALUES(16,878)
COMMIT
DELETE FROM MOVIE_GENRES WHERE MOVIE_ID=16 AND GENRES_ID=12
DELETE FROM MOVIE_GENRES WHERE MOVIE_ID=16 AND GENRES_ID=14
DELETE FROM MOVIE_GENRES WHERE MOVIE_ID=16 AND GENRES_ID=28
DELETE FROM MOVIE_GENRES WHERE MOVIE_ID=16 AND GENRES_ID=878
INSERT INTO MOVIE_GENRES VALUES(16,12)
INSERT INTO MOVIE_GENRES VALUES(16,14)
INSERT INTO MOVIE_GENRES VALUES(16,28)
INSERT INTO MOVIE_GENRES VALUES(16,878)
COMMIT
/*C13*/SET SCHEMA PUBLIC
DELETE FROM MOVIE_GENRES WHERE MOVIE_ID=16 AND GENRES_ID=12
DELETE FROM MOVIE_GENRES WHERE MOVIE_ID=16 AND GENRES_ID=14
DELETE FROM MOVIE_GENRES WHERE MOVIE_ID=16 AND GENRES_ID=28
DELETE FROM MOVIE_GENRES WHERE MOVIE_ID=16 AND GENRES_ID=878
INSERT INTO MOVIE_GENRES VALUES(16,12)
INSERT INTO MOVIE_GENRES VALUES(16,14)
INSERT INTO MOVIE_GENRES VALUES(16,28)
INSERT INTO MOVIE_GENRES VALUES(16,878)
COMMIT
/*C12*/DELETE FROM TB_MOVIE WHERE ID=16
INSERT INTO TB_MOVIE VALUES(16,'en','A hist\u00f3ria segue Carol Danvers e como ela se torna um dos her\u00f3is mais poderosos do universo quando a Terra \u00e9 pega no meio de uma guerra gal\u00e1ctica entre duas ra\u00e7as alien\u00edgenas. Situado na d\u00e9cada de 1990, Capit\u00e3 Marvel \u00e9 uma nova aventura de um per\u00edodo in\u00e9dito na hist\u00f3ria do universo cinematogr\u00e1fico da Marvel.','2019-03-10',135,'Capit\u00e3 Marvel',NULL,NULL,'/w2PMyoyLU22YvrGK3smVM9fW1jj.jpg')
DELETE FROM MOVIE_GENRES WHERE MOVIE_ID=16 AND GENRES_ID=12
DELETE FROM MOVIE_GENRES WHERE MOVIE_ID=16 AND GENRES_ID=14
DELETE FROM MOVIE_GENRES WHERE MOVIE_ID=16 AND GENRES_ID=28
DELETE FROM MOVIE_GENRES WHERE MOVIE_ID=16 AND GENRES_ID=878
INSERT INTO MOVIE_GENRES VALUES(16,12)
INSERT INTO MOVIE_GENRES VALUES(16,14)
INSERT INTO MOVIE_GENRES VALUES(16,28)
INSERT INTO MOVIE_GENRES VALUES(16,878)
COMMIT
DISCONNECT
/*C17*/SET SCHEMA PUBLIC
DISCONNECT
/*C14*/SET SCHEMA PUBLIC
DISCONNECT
/*C16*/SET SCHEMA PUBLIC
DISCONNECT
/*C18*/SET SCHEMA PUBLIC
DISCONNECT
/*C15*/SET SCHEMA PUBLIC
DISCONNECT
/*C20*/SET SCHEMA PUBLIC
DISCONNECT
/*C13*/DISCONNECT
/*C21*/SET SCHEMA PUBLIC
DISCONNECT
/*C19*/SET SCHEMA PUBLIC
DISCONNECT
/*C22*/SET SCHEMA PUBLIC
DISCONNECT
/*C24*/SET SCHEMA PUBLIC
DISCONNECT
/*C27*/SET SCHEMA PUBLIC
DISCONNECT
/*C26*/SET SCHEMA PUBLIC
DISCONNECT
/*C23*/SET SCHEMA PUBLIC
DISCONNECT
/*C25*/SET SCHEMA PUBLIC
DISCONNECT
/*C29*/SET SCHEMA PUBLIC
DISCONNECT
/*C28*/SET SCHEMA PUBLIC
DISCONNECT
/*C30*/SET SCHEMA PUBLIC
DISCONNECT
/*C31*/SET SCHEMA PUBLIC
DISCONNECT
/*C32*/SET SCHEMA PUBLIC
DISCONNECT
/*C33*/SET SCHEMA PUBLIC
DISCONNECT
/*C34*/SET SCHEMA PUBLIC
DISCONNECT
/*C36*/SET SCHEMA PUBLIC
DISCONNECT
/*C35*/SET SCHEMA PUBLIC
DISCONNECT
/*C37*/SET SCHEMA PUBLIC
DISCONNECT
/*C38*/SET SCHEMA PUBLIC
DISCONNECT
/*C39*/SET SCHEMA PUBLIC
DISCONNECT
/*C41*/SET SCHEMA PUBLIC
DISCONNECT
/*C40*/SET SCHEMA PUBLIC
DISCONNECT
/*C42*/SET SCHEMA PUBLIC
DELETE FROM TB_MOVIE WHERE ID=16
INSERT INTO TB_MOVIE VALUES(16,'en','A hist\u00f3ria segue Carol Danvers e como ela se torna um dos her\u00f3is mais poderosos do universo quando a Terra \u00e9 pega no meio de uma guerra gal\u00e1ctica entre duas ra\u00e7as alien\u00edgenas. Situado na d\u00e9cada de 1990, Capit\u00e3 Marvel \u00e9 uma nova aventura de um per\u00edodo in\u00e9dito na hist\u00f3ria do universo cinematogr\u00e1fico da Marvel.','2019-03-15',140,'Capit\u00e3 Marvel',NULL,NULL,'/w2PMyoyLU22YvrGK3smVM9fW1jj.jpg')
DELETE FROM MOVIE_GENRES WHERE MOVIE_ID=16 AND GENRES_ID=12
DELETE FROM MOVIE_GENRES WHERE MOVIE_ID=16 AND GENRES_ID=14
DELETE FROM MOVIE_GENRES WHERE MOVIE_ID=16 AND GENRES_ID=28
DELETE FROM MOVIE_GENRES WHERE MOVIE_ID=16 AND GENRES_ID=878
INSERT INTO MOVIE_GENRES VALUES(16,18)
INSERT INTO MOVIE_GENRES VALUES(16,12)
INSERT INTO MOVIE_GENRES VALUES(16,14)
INSERT INTO MOVIE_GENRES VALUES(16,28)
INSERT INTO MOVIE_GENRES VALUES(16,878)
COMMIT
DELETE FROM MOVIE_GENRES WHERE MOVIE_ID=134 AND GENRES_ID=28
DELETE FROM MOVIE_GENRES WHERE MOVIE_ID=134 AND GENRES_ID=12
DELETE FROM MOVIE_GENRES WHERE MOVIE_ID=134 AND GENRES_ID=14
DELETE FROM TB_MOVIE WHERE ID=134
COMMIT
